<?xml version="1.0" encoding="UTF-8"?>
<testsuite name="SerenityInitialTest" time="19.212" tests="22" errors="0" skipped="0" failures="2">
  <properties>
[...]
</properties>
  <testcase name="Consulta exitosa de servicio Time Zone con coordenadas correctas #1" classname="Consulta disponibilidad del  servicio Time Zone" time="9.342"/>
  <testcase name="Consulta exitosa de servicio Time Zone con coordenadas correctas #2" classname="Consulta disponibilidad del  servicio Time Zone" time="0.501"/>
  <testcase name="Consulta exitosa de servicio Time Zone con coordenadas correctas #3" classname="Consulta disponibilidad del  servicio Time Zone" time="0.481"/>
  <testcase name="Consulta exitosa de servicio Time Zone con coordenadas incorrectas #1" classname="Consulta disponibilidad del  servicio Time Zone" time="0.48"/>
  <testcase name="Consulta exitosa de servicio Time Zone con coordenadas incorrectas #2" classname="Consulta disponibilidad del  servicio Time Zone" time="0.465"/>
  <testcase name="Consulta exitosa de servicio Time Zone con coordenadas incorrectas #3" classname="Consulta disponibilidad del  servicio Time Zone" time="0.476"/>
  <testcase name="Consulta exitosa de servicio Time Zone con coordenadas incorrectas #4" classname="Consulta disponibilidad del  servicio Time Zone" time="0.473"/>
  <testcase name="Consulta exitosa de servicio Time Zone con coordenadas incorrectas #5" classname="Consulta disponibilidad del  servicio Time Zone" time="0.459"/>
  <testcase name="Consulta exitosa de servicio Time Zone con coordenadas incorrectas #6" classname="Consulta disponibilidad del  servicio Time Zone" time="0.44"/>
  <testcase name="Consulta exitosa de servicio Time Zone con coordenadas incorrectas #7" classname="Consulta disponibilidad del  servicio Time Zone" time="0.461"/>
  <testcase name="Consulta  servicio Time Zone con  credencial username invalida #1" classname="Consulta Respuesta del servicio con Credenciales Invalidas" time="0.453"/>
  <testcase name="Consulta  servicio Time Zone con  credencial username invalida #2" classname="Consulta Respuesta del servicio con Credenciales Invalidas" time="0.458"/>
  <testcase name="Consulta  servicio Time Zone con  credencial username invalida #3" classname="Consulta Respuesta del servicio con Credenciales Invalidas" time="0.435"/>
  <testcase name="Consulta  servicio Time Zone con  credencial username invalida #4" classname="Consulta Respuesta del servicio con Credenciales Invalidas" time="0.455"/>
  <testcase name="Validacion exitosa de servicio Time Zone con coordenadas asociadas a un pais y zona horaria #1" classname="Validacion de coordenadas asociada a un pais" time="0.595"/>
  <testcase name="Validacion exitosa de servicio Time Zone con coordenadas asociadas a un pais y zona horaria #2" classname="Validacion de coordenadas asociada a un pais" time="0.53">
    <failure message="&#10;Expected: &quot;Alpaquistan&quot;&#10;     but: was &quot;Ivory Coast&quot;" type="java.lang.AssertionError">java.lang.AssertionError: 
Expected: "Alpaquistan"
     but: was "Ivory Coast"
	at net.serenitybdd.screenplay.ErrorTally.throwSummaryExceptionFrom(ErrorTally.java:36)
	at net.serenitybdd.screenplay.ErrorTally.reportAnyErrors(ErrorTally.java:30)
	at net.serenitybdd.screenplay.Actor.should(Actor.java:316)
	at stepdefinitions.ValidacionCoordPaisStepDefinitions.la_api_devuelve_los_resultados_asociados_al_pais_segun_las_coordenadas(ValidacionCoordPaisStepDefinitions.java:41)
	at ✽.la api devuelve los resultados asociados al pais segun las coordenadas "Alpaquistan" "Africa/Alpaquistanian"(file:///C:/Users/leocr/IdeaProjects/serenitybddprueba1/src/test/resources/features/ValidacionCoordAsociadaPais.feature:9)
</failure>
    <system-err><![CDATA[[main] INFO io.cucumber.core.plugin.SerenityReporter - Running feature from file:///C:/Users/leocr/IdeaProjects/serenitybddprueba1/src/test/resources/features/ValidacionCoordAsociadaPais.feature
[main] WARN io.cucumber.core.plugin.SerenityReporter - Feature from file:///C:/Users/leocr/IdeaProjects/serenitybddprueba1/src/test/resources/features/ValidacionCoordAsociadaPais.feature is not under the 'features' directory. Requirements report will not be correctly generated!
]]></system-err>
  </testcase>
  <testcase name="Validacion exitosa de servicio Time Zone con coordenadas asociadas a un pais y zona horaria #3" classname="Validacion de coordenadas asociada a un pais" time="0.479"/>
  <testcase name="Validacion exitosa de servicio Time Zone con coordenadas asociadas a un pais y zona horaria #4" classname="Validacion de coordenadas asociada a un pais" time="0.444">
    <failure message="&#10;Expected: &quot;Spain&quot;&#10;     but: was null" type="java.lang.AssertionError">java.lang.AssertionError: 
Expected: "Spain"
     but: was null
	at net.serenitybdd.screenplay.ErrorTally.throwSummaryExceptionFrom(ErrorTally.java:36)
	at net.serenitybdd.screenplay.ErrorTally.reportAnyErrors(ErrorTally.java:30)
	at net.serenitybdd.screenplay.Actor.should(Actor.java:316)
	at stepdefinitions.ValidacionCoordPaisStepDefinitions.la_api_devuelve_los_resultados_asociados_al_pais_segun_las_coordenadas(ValidacionCoordPaisStepDefinitions.java:41)
	at ✽.la api devuelve los resultados asociados al pais segun las coordenadas "Spain" "Europa/Europa"(file:///C:/Users/leocr/IdeaProjects/serenitybddprueba1/src/test/resources/features/ValidacionCoordAsociadaPais.feature:9)
</failure>
    <system-err><![CDATA[[main] INFO io.cucumber.core.plugin.SerenityReporter - Running feature from file:///C:/Users/leocr/IdeaProjects/serenitybddprueba1/src/test/resources/features/ValidacionCoordAsociadaPais.feature
[main] WARN io.cucumber.core.plugin.SerenityReporter - Feature from file:///C:/Users/leocr/IdeaProjects/serenitybddprueba1/src/test/resources/features/ValidacionCoordAsociadaPais.feature is not under the 'features' directory. Requirements report will not be correctly generated!
]]></system-err>
  </testcase>
  <testcase name="Consulta  servicio Time Zone con  parametros de coordenadas erroneas #1" classname="Validacion  error en coordenadas" time="0.45"/>
  <testcase name="Consulta  servicio Time Zone con  parametros de coordenadas erroneas #2" classname="Validacion  error en coordenadas" time="0.471"/>
  <testcase name="Consulta  servicio Time Zone con  parametros de coordenadas erroneas #3" classname="Validacion  error en coordenadas" time="0.435"/>
  <testcase name="Consulta  servicio Time Zone con  parametros de coordenadas erroneas #4" classname="Validacion  error en coordenadas" time="0.429"/>
</testsuite>